C:\USERS\ABHINAV\DOCUMENTS\VISUAL STUDIO 2012\PROJECTS\COMPUTERVISION\COMPUTERVISION\DEBUG\COMPUTERVISION.PCH
C:\USERS\ABHINAV\DOCUMENTS\VISUAL STUDIO 2012\PROJECTS\COMPUTERVISION\COMPUTERVISION\DEBUG\STDAFX.OBJ
C:\USERS\ABHINAV\DOCUMENTS\VISUAL STUDIO 2012\PROJECTS\COMPUTERVISION\COMPUTERVISION\DEBUG\VC110.PDB
C:\USERS\ABHINAV\DOCUMENTS\VISUAL STUDIO 2012\PROJECTS\COMPUTERVISION\DEBUG\COMPUTERVISION.ILK
C:\USERS\ABHINAV\DOCUMENTS\VISUAL STUDIO 2012\PROJECTS\COMPUTERVISION\DEBUG\COMPUTERVISION.EXE
C:\USERS\ABHINAV\DOCUMENTS\VISUAL STUDIO 2012\PROJECTS\COMPUTERVISION\DEBUG\COMPUTERVISION.PDB
C:\Users\Abhinav\Documents\Visual Studio 2012\Projects\ComputerVision\ComputerVision\Debug\stdafx.obj
C:\Users\Abhinav\Documents\Visual Studio 2012\Projects\ComputerVision\ComputerVision\Debug\cl.command.1.tlog
C:\Users\Abhinav\Documents\Visual Studio 2012\Projects\ComputerVision\ComputerVision\Debug\CL.read.1.tlog
C:\Users\Abhinav\Documents\Visual Studio 2012\Projects\ComputerVision\ComputerVision\Debug\CL.write.1.tlog
C:\Users\Abhinav\Documents\Visual Studio 2012\Projects\ComputerVision\ComputerVision\Debug\link-cvtres.read.1.tlog
C:\Users\Abhinav\Documents\Visual Studio 2012\Projects\ComputerVision\ComputerVision\Debug\link-cvtres.write.1.tlog
C:\Users\Abhinav\Documents\Visual Studio 2012\Projects\ComputerVision\ComputerVision\Debug\link-rc.read.1.tlog
C:\Users\Abhinav\Documents\Visual Studio 2012\Projects\ComputerVision\ComputerVision\Debug\link-rc.write.1.tlog
C:\Users\Abhinav\Documents\Visual Studio 2012\Projects\ComputerVision\ComputerVision\Debug\link.1004-cvtres.read.1.tlog
C:\Users\Abhinav\Documents\Visual Studio 2012\Projects\ComputerVision\ComputerVision\Debug\link.1004-cvtres.write.1.tlog
C:\Users\Abhinav\Documents\Visual Studio 2012\Projects\ComputerVision\ComputerVision\Debug\link.1004-rc.read.1.tlog
C:\Users\Abhinav\Documents\Visual Studio 2012\Projects\ComputerVision\ComputerVision\Debug\link.1004-rc.write.1.tlog
C:\Users\Abhinav\Documents\Visual Studio 2012\Projects\ComputerVision\ComputerVision\Debug\link.1004.read.1.tlog
C:\Users\Abhinav\Documents\Visual Studio 2012\Projects\ComputerVision\ComputerVision\Debug\link.1004.write.1.tlog
C:\Users\Abhinav\Documents\Visual Studio 2012\Projects\ComputerVision\ComputerVision\Debug\link.1172-cvtres.read.1.tlog
C:\Users\Abhinav\Documents\Visual Studio 2012\Projects\ComputerVision\ComputerVision\Debug\link.1172-cvtres.write.1.tlog
C:\Users\Abhinav\Documents\Visual Studio 2012\Projects\ComputerVision\ComputerVision\Debug\link.1172-rc.read.1.tlog
C:\Users\Abhinav\Documents\Visual Studio 2012\Projects\ComputerVision\ComputerVision\Debug\link.1172-rc.write.1.tlog
C:\Users\Abhinav\Documents\Visual Studio 2012\Projects\ComputerVision\ComputerVision\Debug\link.1172.read.1.tlog
C:\Users\Abhinav\Documents\Visual Studio 2012\Projects\ComputerVision\ComputerVision\Debug\link.1172.write.1.tlog
C:\Users\Abhinav\Documents\Visual Studio 2012\Projects\ComputerVision\ComputerVision\Debug\link.1196-cvtres.read.1.tlog
C:\Users\Abhinav\Documents\Visual Studio 2012\Projects\ComputerVision\ComputerVision\Debug\link.1196-cvtres.write.1.tlog
C:\Users\Abhinav\Documents\Visual Studio 2012\Projects\ComputerVision\ComputerVision\Debug\link.1196-rc.read.1.tlog
C:\Users\Abhinav\Documents\Visual Studio 2012\Projects\ComputerVision\ComputerVision\Debug\link.1196-rc.write.1.tlog
C:\Users\Abhinav\Documents\Visual Studio 2012\Projects\ComputerVision\ComputerVision\Debug\link.1196.read.1.tlog
C:\Users\Abhinav\Documents\Visual Studio 2012\Projects\ComputerVision\ComputerVision\Debug\link.1196.write.1.tlog
C:\Users\Abhinav\Documents\Visual Studio 2012\Projects\ComputerVision\ComputerVision\Debug\link.1456-cvtres.read.1.tlog
C:\Users\Abhinav\Documents\Visual Studio 2012\Projects\ComputerVision\ComputerVision\Debug\link.1456-cvtres.write.1.tlog
C:\Users\Abhinav\Documents\Visual Studio 2012\Projects\ComputerVision\ComputerVision\Debug\link.1456-rc.read.1.tlog
C:\Users\Abhinav\Documents\Visual Studio 2012\Projects\ComputerVision\ComputerVision\Debug\link.1456-rc.write.1.tlog
C:\Users\Abhinav\Documents\Visual Studio 2012\Projects\ComputerVision\ComputerVision\Debug\link.1456.read.1.tlog
C:\Users\Abhinav\Documents\Visual Studio 2012\Projects\ComputerVision\ComputerVision\Debug\link.1456.write.1.tlog
C:\Users\Abhinav\Documents\Visual Studio 2012\Projects\ComputerVision\ComputerVision\Debug\link.2052-cvtres.read.1.tlog
C:\Users\Abhinav\Documents\Visual Studio 2012\Projects\ComputerVision\ComputerVision\Debug\link.2052-cvtres.write.1.tlog
C:\Users\Abhinav\Documents\Visual Studio 2012\Projects\ComputerVision\ComputerVision\Debug\link.2052-rc.read.1.tlog
C:\Users\Abhinav\Documents\Visual Studio 2012\Projects\ComputerVision\ComputerVision\Debug\link.2052-rc.write.1.tlog
C:\Users\Abhinav\Documents\Visual Studio 2012\Projects\ComputerVision\ComputerVision\Debug\link.2052.read.1.tlog
C:\Users\Abhinav\Documents\Visual Studio 2012\Projects\ComputerVision\ComputerVision\Debug\link.2052.write.1.tlog
C:\Users\Abhinav\Documents\Visual Studio 2012\Projects\ComputerVision\ComputerVision\Debug\link.2296-cvtres.read.1.tlog
C:\Users\Abhinav\Documents\Visual Studio 2012\Projects\ComputerVision\ComputerVision\Debug\link.2296-cvtres.write.1.tlog
C:\Users\Abhinav\Documents\Visual Studio 2012\Projects\ComputerVision\ComputerVision\Debug\link.2296-rc.read.1.tlog
C:\Users\Abhinav\Documents\Visual Studio 2012\Projects\ComputerVision\ComputerVision\Debug\link.2296-rc.write.1.tlog
C:\Users\Abhinav\Documents\Visual Studio 2012\Projects\ComputerVision\ComputerVision\Debug\link.2296.read.1.tlog
C:\Users\Abhinav\Documents\Visual Studio 2012\Projects\ComputerVision\ComputerVision\Debug\link.2296.write.1.tlog
C:\Users\Abhinav\Documents\Visual Studio 2012\Projects\ComputerVision\ComputerVision\Debug\link.2372-cvtres.read.1.tlog
C:\Users\Abhinav\Documents\Visual Studio 2012\Projects\ComputerVision\ComputerVision\Debug\link.2372-cvtres.write.1.tlog
C:\Users\Abhinav\Documents\Visual Studio 2012\Projects\ComputerVision\ComputerVision\Debug\link.2372-rc.read.1.tlog
C:\Users\Abhinav\Documents\Visual Studio 2012\Projects\ComputerVision\ComputerVision\Debug\link.2372-rc.write.1.tlog
C:\Users\Abhinav\Documents\Visual Studio 2012\Projects\ComputerVision\ComputerVision\Debug\link.2372.read.1.tlog
C:\Users\Abhinav\Documents\Visual Studio 2012\Projects\ComputerVision\ComputerVision\Debug\link.2372.write.1.tlog
C:\Users\Abhinav\Documents\Visual Studio 2012\Projects\ComputerVision\ComputerVision\Debug\link.2428-cvtres.read.1.tlog
C:\Users\Abhinav\Documents\Visual Studio 2012\Projects\ComputerVision\ComputerVision\Debug\link.2428-cvtres.write.1.tlog
C:\Users\Abhinav\Documents\Visual Studio 2012\Projects\ComputerVision\ComputerVision\Debug\link.2428-rc.read.1.tlog
C:\Users\Abhinav\Documents\Visual Studio 2012\Projects\ComputerVision\ComputerVision\Debug\link.2428-rc.write.1.tlog
C:\Users\Abhinav\Documents\Visual Studio 2012\Projects\ComputerVision\ComputerVision\Debug\link.2428.read.1.tlog
C:\Users\Abhinav\Documents\Visual Studio 2012\Projects\ComputerVision\ComputerVision\Debug\link.2428.write.1.tlog
C:\Users\Abhinav\Documents\Visual Studio 2012\Projects\ComputerVision\ComputerVision\Debug\link.2872-cvtres.read.1.tlog
C:\Users\Abhinav\Documents\Visual Studio 2012\Projects\ComputerVision\ComputerVision\Debug\link.2872-cvtres.write.1.tlog
C:\Users\Abhinav\Documents\Visual Studio 2012\Projects\ComputerVision\ComputerVision\Debug\link.2872-rc.read.1.tlog
C:\Users\Abhinav\Documents\Visual Studio 2012\Projects\ComputerVision\ComputerVision\Debug\link.2872-rc.write.1.tlog
C:\Users\Abhinav\Documents\Visual Studio 2012\Projects\ComputerVision\ComputerVision\Debug\link.2872.read.1.tlog
C:\Users\Abhinav\Documents\Visual Studio 2012\Projects\ComputerVision\ComputerVision\Debug\link.2872.write.1.tlog
C:\Users\Abhinav\Documents\Visual Studio 2012\Projects\ComputerVision\ComputerVision\Debug\link.2952-cvtres.read.1.tlog
C:\Users\Abhinav\Documents\Visual Studio 2012\Projects\ComputerVision\ComputerVision\Debug\link.2952-cvtres.write.1.tlog
C:\Users\Abhinav\Documents\Visual Studio 2012\Projects\ComputerVision\ComputerVision\Debug\link.2952-rc.read.1.tlog
C:\Users\Abhinav\Documents\Visual Studio 2012\Projects\ComputerVision\ComputerVision\Debug\link.2952-rc.write.1.tlog
C:\Users\Abhinav\Documents\Visual Studio 2012\Projects\ComputerVision\ComputerVision\Debug\link.2952.read.1.tlog
C:\Users\Abhinav\Documents\Visual Studio 2012\Projects\ComputerVision\ComputerVision\Debug\link.2952.write.1.tlog
C:\Users\Abhinav\Documents\Visual Studio 2012\Projects\ComputerVision\ComputerVision\Debug\link.3076-cvtres.read.1.tlog
C:\Users\Abhinav\Documents\Visual Studio 2012\Projects\ComputerVision\ComputerVision\Debug\link.3076-cvtres.write.1.tlog
C:\Users\Abhinav\Documents\Visual Studio 2012\Projects\ComputerVision\ComputerVision\Debug\link.3076-rc.read.1.tlog
C:\Users\Abhinav\Documents\Visual Studio 2012\Projects\ComputerVision\ComputerVision\Debug\link.3076-rc.write.1.tlog
C:\Users\Abhinav\Documents\Visual Studio 2012\Projects\ComputerVision\ComputerVision\Debug\link.3076.read.1.tlog
C:\Users\Abhinav\Documents\Visual Studio 2012\Projects\ComputerVision\ComputerVision\Debug\link.3076.write.1.tlog
C:\Users\Abhinav\Documents\Visual Studio 2012\Projects\ComputerVision\ComputerVision\Debug\link.3160-cvtres.read.1.tlog
C:\Users\Abhinav\Documents\Visual Studio 2012\Projects\ComputerVision\ComputerVision\Debug\link.3160-cvtres.write.1.tlog
C:\Users\Abhinav\Documents\Visual Studio 2012\Projects\ComputerVision\ComputerVision\Debug\link.3160-rc.read.1.tlog
C:\Users\Abhinav\Documents\Visual Studio 2012\Projects\ComputerVision\ComputerVision\Debug\link.3160-rc.write.1.tlog
C:\Users\Abhinav\Documents\Visual Studio 2012\Projects\ComputerVision\ComputerVision\Debug\link.3160.read.1.tlog
C:\Users\Abhinav\Documents\Visual Studio 2012\Projects\ComputerVision\ComputerVision\Debug\link.3160.write.1.tlog
C:\Users\Abhinav\Documents\Visual Studio 2012\Projects\ComputerVision\ComputerVision\Debug\link.3304-cvtres.read.1.tlog
C:\Users\Abhinav\Documents\Visual Studio 2012\Projects\ComputerVision\ComputerVision\Debug\link.3304-cvtres.write.1.tlog
C:\Users\Abhinav\Documents\Visual Studio 2012\Projects\ComputerVision\ComputerVision\Debug\link.3304-rc.read.1.tlog
C:\Users\Abhinav\Documents\Visual Studio 2012\Projects\ComputerVision\ComputerVision\Debug\link.3304-rc.write.1.tlog
C:\Users\Abhinav\Documents\Visual Studio 2012\Projects\ComputerVision\ComputerVision\Debug\link.3304.read.1.tlog
C:\Users\Abhinav\Documents\Visual Studio 2012\Projects\ComputerVision\ComputerVision\Debug\link.3304.write.1.tlog
C:\Users\Abhinav\Documents\Visual Studio 2012\Projects\ComputerVision\ComputerVision\Debug\link.3516-cvtres.read.1.tlog
C:\Users\Abhinav\Documents\Visual Studio 2012\Projects\ComputerVision\ComputerVision\Debug\link.3516-cvtres.write.1.tlog
C:\Users\Abhinav\Documents\Visual Studio 2012\Projects\ComputerVision\ComputerVision\Debug\link.3516-rc.read.1.tlog
C:\Users\Abhinav\Documents\Visual Studio 2012\Projects\ComputerVision\ComputerVision\Debug\link.3516-rc.write.1.tlog
C:\Users\Abhinav\Documents\Visual Studio 2012\Projects\ComputerVision\ComputerVision\Debug\link.3516.read.1.tlog
C:\Users\Abhinav\Documents\Visual Studio 2012\Projects\ComputerVision\ComputerVision\Debug\link.3516.write.1.tlog
C:\Users\Abhinav\Documents\Visual Studio 2012\Projects\ComputerVision\ComputerVision\Debug\link.36-cvtres.read.1.tlog
C:\Users\Abhinav\Documents\Visual Studio 2012\Projects\ComputerVision\ComputerVision\Debug\link.36-cvtres.write.1.tlog
C:\Users\Abhinav\Documents\Visual Studio 2012\Projects\ComputerVision\ComputerVision\Debug\link.36-rc.read.1.tlog
C:\Users\Abhinav\Documents\Visual Studio 2012\Projects\ComputerVision\ComputerVision\Debug\link.36-rc.write.1.tlog
C:\Users\Abhinav\Documents\Visual Studio 2012\Projects\ComputerVision\ComputerVision\Debug\link.36.read.1.tlog
C:\Users\Abhinav\Documents\Visual Studio 2012\Projects\ComputerVision\ComputerVision\Debug\link.36.write.1.tlog
C:\Users\Abhinav\Documents\Visual Studio 2012\Projects\ComputerVision\ComputerVision\Debug\link.3680-cvtres.read.1.tlog
C:\Users\Abhinav\Documents\Visual Studio 2012\Projects\ComputerVision\ComputerVision\Debug\link.3680-cvtres.write.1.tlog
C:\Users\Abhinav\Documents\Visual Studio 2012\Projects\ComputerVision\ComputerVision\Debug\link.3680-rc.read.1.tlog
C:\Users\Abhinav\Documents\Visual Studio 2012\Projects\ComputerVision\ComputerVision\Debug\link.3680-rc.write.1.tlog
C:\Users\Abhinav\Documents\Visual Studio 2012\Projects\ComputerVision\ComputerVision\Debug\link.3680.read.1.tlog
C:\Users\Abhinav\Documents\Visual Studio 2012\Projects\ComputerVision\ComputerVision\Debug\link.3680.write.1.tlog
C:\Users\Abhinav\Documents\Visual Studio 2012\Projects\ComputerVision\ComputerVision\Debug\link.3916-cvtres.read.1.tlog
C:\Users\Abhinav\Documents\Visual Studio 2012\Projects\ComputerVision\ComputerVision\Debug\link.3916-cvtres.write.1.tlog
C:\Users\Abhinav\Documents\Visual Studio 2012\Projects\ComputerVision\ComputerVision\Debug\link.3916-rc.read.1.tlog
C:\Users\Abhinav\Documents\Visual Studio 2012\Projects\ComputerVision\ComputerVision\Debug\link.3916-rc.write.1.tlog
C:\Users\Abhinav\Documents\Visual Studio 2012\Projects\ComputerVision\ComputerVision\Debug\link.3916.read.1.tlog
C:\Users\Abhinav\Documents\Visual Studio 2012\Projects\ComputerVision\ComputerVision\Debug\link.3916.write.1.tlog
C:\Users\Abhinav\Documents\Visual Studio 2012\Projects\ComputerVision\ComputerVision\Debug\link.3952-cvtres.read.1.tlog
C:\Users\Abhinav\Documents\Visual Studio 2012\Projects\ComputerVision\ComputerVision\Debug\link.3952-cvtres.write.1.tlog
C:\Users\Abhinav\Documents\Visual Studio 2012\Projects\ComputerVision\ComputerVision\Debug\link.3952-rc.read.1.tlog
C:\Users\Abhinav\Documents\Visual Studio 2012\Projects\ComputerVision\ComputerVision\Debug\link.3952-rc.write.1.tlog
C:\Users\Abhinav\Documents\Visual Studio 2012\Projects\ComputerVision\ComputerVision\Debug\link.3952.read.1.tlog
C:\Users\Abhinav\Documents\Visual Studio 2012\Projects\ComputerVision\ComputerVision\Debug\link.3952.write.1.tlog
C:\Users\Abhinav\Documents\Visual Studio 2012\Projects\ComputerVision\ComputerVision\Debug\link.4172-cvtres.read.1.tlog
C:\Users\Abhinav\Documents\Visual Studio 2012\Projects\ComputerVision\ComputerVision\Debug\link.4172-cvtres.write.1.tlog
C:\Users\Abhinav\Documents\Visual Studio 2012\Projects\ComputerVision\ComputerVision\Debug\link.4172-rc.read.1.tlog
C:\Users\Abhinav\Documents\Visual Studio 2012\Projects\ComputerVision\ComputerVision\Debug\link.4172-rc.write.1.tlog
C:\Users\Abhinav\Documents\Visual Studio 2012\Projects\ComputerVision\ComputerVision\Debug\link.4172.read.1.tlog
C:\Users\Abhinav\Documents\Visual Studio 2012\Projects\ComputerVision\ComputerVision\Debug\link.4172.write.1.tlog
C:\Users\Abhinav\Documents\Visual Studio 2012\Projects\ComputerVision\ComputerVision\Debug\link.4176-cvtres.read.1.tlog
C:\Users\Abhinav\Documents\Visual Studio 2012\Projects\ComputerVision\ComputerVision\Debug\link.4176-cvtres.write.1.tlog
C:\Users\Abhinav\Documents\Visual Studio 2012\Projects\ComputerVision\ComputerVision\Debug\link.4176-rc.read.1.tlog
C:\Users\Abhinav\Documents\Visual Studio 2012\Projects\ComputerVision\ComputerVision\Debug\link.4176-rc.write.1.tlog
C:\Users\Abhinav\Documents\Visual Studio 2012\Projects\ComputerVision\ComputerVision\Debug\link.4176.read.1.tlog
C:\Users\Abhinav\Documents\Visual Studio 2012\Projects\ComputerVision\ComputerVision\Debug\link.4176.write.1.tlog
C:\Users\Abhinav\Documents\Visual Studio 2012\Projects\ComputerVision\ComputerVision\Debug\link.4676-cvtres.read.1.tlog
C:\Users\Abhinav\Documents\Visual Studio 2012\Projects\ComputerVision\ComputerVision\Debug\link.4676-cvtres.write.1.tlog
C:\Users\Abhinav\Documents\Visual Studio 2012\Projects\ComputerVision\ComputerVision\Debug\link.4676-rc.read.1.tlog
C:\Users\Abhinav\Documents\Visual Studio 2012\Projects\ComputerVision\ComputerVision\Debug\link.4676-rc.write.1.tlog
C:\Users\Abhinav\Documents\Visual Studio 2012\Projects\ComputerVision\ComputerVision\Debug\link.4676.read.1.tlog
C:\Users\Abhinav\Documents\Visual Studio 2012\Projects\ComputerVision\ComputerVision\Debug\link.4676.write.1.tlog
C:\Users\Abhinav\Documents\Visual Studio 2012\Projects\ComputerVision\ComputerVision\Debug\link.4756-cvtres.read.1.tlog
C:\Users\Abhinav\Documents\Visual Studio 2012\Projects\ComputerVision\ComputerVision\Debug\link.4756-cvtres.write.1.tlog
C:\Users\Abhinav\Documents\Visual Studio 2012\Projects\ComputerVision\ComputerVision\Debug\link.4756-rc.read.1.tlog
C:\Users\Abhinav\Documents\Visual Studio 2012\Projects\ComputerVision\ComputerVision\Debug\link.4756-rc.write.1.tlog
C:\Users\Abhinav\Documents\Visual Studio 2012\Projects\ComputerVision\ComputerVision\Debug\link.4756.read.1.tlog
C:\Users\Abhinav\Documents\Visual Studio 2012\Projects\ComputerVision\ComputerVision\Debug\link.4756.write.1.tlog
C:\Users\Abhinav\Documents\Visual Studio 2012\Projects\ComputerVision\ComputerVision\Debug\link.4768-cvtres.read.1.tlog
C:\Users\Abhinav\Documents\Visual Studio 2012\Projects\ComputerVision\ComputerVision\Debug\link.4768-cvtres.write.1.tlog
C:\Users\Abhinav\Documents\Visual Studio 2012\Projects\ComputerVision\ComputerVision\Debug\link.4768-rc.read.1.tlog
C:\Users\Abhinav\Documents\Visual Studio 2012\Projects\ComputerVision\ComputerVision\Debug\link.4768-rc.write.1.tlog
C:\Users\Abhinav\Documents\Visual Studio 2012\Projects\ComputerVision\ComputerVision\Debug\link.4768.read.1.tlog
C:\Users\Abhinav\Documents\Visual Studio 2012\Projects\ComputerVision\ComputerVision\Debug\link.4768.write.1.tlog
C:\Users\Abhinav\Documents\Visual Studio 2012\Projects\ComputerVision\ComputerVision\Debug\link.4776-cvtres.read.1.tlog
C:\Users\Abhinav\Documents\Visual Studio 2012\Projects\ComputerVision\ComputerVision\Debug\link.4776-cvtres.write.1.tlog
C:\Users\Abhinav\Documents\Visual Studio 2012\Projects\ComputerVision\ComputerVision\Debug\link.4776-rc.read.1.tlog
C:\Users\Abhinav\Documents\Visual Studio 2012\Projects\ComputerVision\ComputerVision\Debug\link.4776-rc.write.1.tlog
C:\Users\Abhinav\Documents\Visual Studio 2012\Projects\ComputerVision\ComputerVision\Debug\link.4776.read.1.tlog
C:\Users\Abhinav\Documents\Visual Studio 2012\Projects\ComputerVision\ComputerVision\Debug\link.4776.write.1.tlog
C:\Users\Abhinav\Documents\Visual Studio 2012\Projects\ComputerVision\ComputerVision\Debug\link.5252-cvtres.read.1.tlog
C:\Users\Abhinav\Documents\Visual Studio 2012\Projects\ComputerVision\ComputerVision\Debug\link.5252-cvtres.write.1.tlog
C:\Users\Abhinav\Documents\Visual Studio 2012\Projects\ComputerVision\ComputerVision\Debug\link.5252-rc.read.1.tlog
C:\Users\Abhinav\Documents\Visual Studio 2012\Projects\ComputerVision\ComputerVision\Debug\link.5252-rc.write.1.tlog
C:\Users\Abhinav\Documents\Visual Studio 2012\Projects\ComputerVision\ComputerVision\Debug\link.5252.read.1.tlog
C:\Users\Abhinav\Documents\Visual Studio 2012\Projects\ComputerVision\ComputerVision\Debug\link.5252.write.1.tlog
C:\Users\Abhinav\Documents\Visual Studio 2012\Projects\ComputerVision\ComputerVision\Debug\link.5384-cvtres.read.1.tlog
C:\Users\Abhinav\Documents\Visual Studio 2012\Projects\ComputerVision\ComputerVision\Debug\link.5384-cvtres.write.1.tlog
C:\Users\Abhinav\Documents\Visual Studio 2012\Projects\ComputerVision\ComputerVision\Debug\link.5384-rc.read.1.tlog
C:\Users\Abhinav\Documents\Visual Studio 2012\Projects\ComputerVision\ComputerVision\Debug\link.5384-rc.write.1.tlog
C:\Users\Abhinav\Documents\Visual Studio 2012\Projects\ComputerVision\ComputerVision\Debug\link.5384.read.1.tlog
C:\Users\Abhinav\Documents\Visual Studio 2012\Projects\ComputerVision\ComputerVision\Debug\link.5384.write.1.tlog
C:\Users\Abhinav\Documents\Visual Studio 2012\Projects\ComputerVision\ComputerVision\Debug\link.5868-cvtres.read.1.tlog
C:\Users\Abhinav\Documents\Visual Studio 2012\Projects\ComputerVision\ComputerVision\Debug\link.5868-cvtres.write.1.tlog
C:\Users\Abhinav\Documents\Visual Studio 2012\Projects\ComputerVision\ComputerVision\Debug\link.5868-rc.read.1.tlog
C:\Users\Abhinav\Documents\Visual Studio 2012\Projects\ComputerVision\ComputerVision\Debug\link.5868-rc.write.1.tlog
C:\Users\Abhinav\Documents\Visual Studio 2012\Projects\ComputerVision\ComputerVision\Debug\link.5868.read.1.tlog
C:\Users\Abhinav\Documents\Visual Studio 2012\Projects\ComputerVision\ComputerVision\Debug\link.5868.write.1.tlog
C:\Users\Abhinav\Documents\Visual Studio 2012\Projects\ComputerVision\ComputerVision\Debug\link.84-cvtres.read.1.tlog
C:\Users\Abhinav\Documents\Visual Studio 2012\Projects\ComputerVision\ComputerVision\Debug\link.84-cvtres.write.1.tlog
C:\Users\Abhinav\Documents\Visual Studio 2012\Projects\ComputerVision\ComputerVision\Debug\link.84-rc.read.1.tlog
C:\Users\Abhinav\Documents\Visual Studio 2012\Projects\ComputerVision\ComputerVision\Debug\link.84-rc.write.1.tlog
C:\Users\Abhinav\Documents\Visual Studio 2012\Projects\ComputerVision\ComputerVision\Debug\link.84.read.1.tlog
C:\Users\Abhinav\Documents\Visual Studio 2012\Projects\ComputerVision\ComputerVision\Debug\link.84.write.1.tlog
C:\Users\Abhinav\Documents\Visual Studio 2012\Projects\ComputerVision\ComputerVision\Debug\link.command.1.tlog
C:\Users\Abhinav\Documents\Visual Studio 2012\Projects\ComputerVision\ComputerVision\Debug\link.read.1.tlog
C:\Users\Abhinav\Documents\Visual Studio 2012\Projects\ComputerVision\ComputerVision\Debug\link.write.1.tlog
C:\Users\Abhinav\Documents\Visual Studio 2012\Projects\ComputerVision\ComputerVision\Debug\ComputerVision.pch
C:\Users\Abhinav\Documents\Visual Studio 2012\Projects\ComputerVision\ComputerVision\Debug\vc110.idb
C:\Users\Abhinav\Documents\Visual Studio 2012\Projects\ComputerVision\ComputerVision\Debug\vc110.pdb
C:\Users\Abhinav\Documents\Visual Studio 2012\Projects\ComputerVision\Debug\ComputerVision.pdb
C:\Users\Abhinav\Documents\Visual Studio 2012\Projects\ComputerVision\Debug\ComputerVision.exe
C:\Users\Abhinav\Documents\Visual Studio 2012\Projects\ComputerVision\Debug\ComputerVision.ilk
